<?xml version="1.0" encoding="UTF-8"?>
<!-- Generated by org.testng.reporters.JUnitReportReporter -->
<testsuite hostname="DESKTOP-D9V28RK" failures="0" tests="1" name="web_test.test3.App" time="2.928" errors="0" timestamp="26 Jul 2019 05:14:25 GMT" skipped="0">
  <testcase classname="web_test.test3.App" name="test" time="2.928"/>
</testsuite> <!-- web_test.test3.App -->
