<?xml version="1.0" encoding="UTF-8"?>
<!-- Generated by org.testng.reporters.JUnitReportReporter -->
<testsuite hostname="DESKTOP-D9V28RK" failures="0" tests="1" name="web_test.test3.App" time="2.957" errors="0" timestamp="26 Jul 2019 05:23:41 GMT">
  <testcase classname="web_test.test3.App" name="test" time="2.957"/>
</testsuite> <!-- web_test.test3.App -->
